This is pdfTeX, Version 3.14159265-2.6-1.40.17 (TeX Live 2016) (preloaded format=pdflatex 2016.8.3)  24 AUG 2016 21:08
entering extended mode
 restricted \write18 enabled.
 file:line:error style messages enabled.
 %&-line parsing enabled.
**root.tex
(./root.tex
LaTeX2e <2016/03/31>
Babel <3.9r> and hyphenation patterns for 83 language(s) loaded.
(/usr/local/texlive/2016/texmf-dist/tex/latex/base/report.cls
Document Class: report 2014/09/29 v1.4h Standard LaTeX document class
(/usr/local/texlive/2016/texmf-dist/tex/latex/base/size12.clo
File: size12.clo 2014/09/29 v1.4h Standard LaTeX file (size option)
)
\c@part=\count79
\c@chapter=\count80
\c@section=\count81
\c@subsection=\count82
\c@subsubsection=\count83
\c@paragraph=\count84
\c@subparagraph=\count85
\c@figure=\count86
\c@table=\count87
\abovecaptionskip=\skip41
\belowcaptionskip=\skip42
\bibindent=\dimen102
) (./estilo_pfc.sty
Package: estilo_pfc 

Estilo LaTeX para Proyectos FIC
(/usr/local/texlive/2016/texmf-dist/tex/latex/base/inputenc.sty
Package: inputenc 2015/03/17 v1.2c Input encoding file
\inpenc@prehook=\toks14
\inpenc@posthook=\toks15
 (/usr/local/texlive/2016/texmf-dist/tex/latex/base/utf8.def
File: utf8.def 2016/02/28 v1.1s UTF-8 support for inputenc
Now handling font encoding OML ...
... no UTF-8 mapping file for font encoding OML
Now handling font encoding T1 ...
... processing UTF-8 mapping file for font encoding T1
 (/usr/local/texlive/2016/texmf-dist/tex/latex/base/t1enc.dfu
File: t1enc.dfu 2016/02/28 v1.1s UTF-8 support for inputenc
   defining Unicode char U+00A0 (decimal 160)
   defining Unicode char U+00A1 (decimal 161)
   defining Unicode char U+00A3 (decimal 163)
   defining Unicode char U+00AB (decimal 171)
   defining Unicode char U+00AD (decimal 173)
   defining Unicode char U+00BB (decimal 187)
   defining Unicode char U+00BF (decimal 191)
   defining Unicode char U+00C0 (decimal 192)
   defining Unicode char U+00C1 (decimal 193)
   defining Unicode char U+00C2 (decimal 194)
   defining Unicode char U+00C3 (decimal 195)
   defining Unicode char U+00C4 (decimal 196)
   defining Unicode char U+00C5 (decimal 197)
   defining Unicode char U+00C6 (decimal 198)
   defining Unicode char U+00C7 (decimal 199)
   defining Unicode char U+00C8 (decimal 200)
   defining Unicode char U+00C9 (decimal 201)
   defining Unicode char U+00CA (decimal 202)
   defining Unicode char U+00CB (decimal 203)
   defining Unicode char U+00CC (decimal 204)
   defining Unicode char U+00CD (decimal 205)
   defining Unicode char U+00CE (decimal 206)
   defining Unicode char U+00CF (decimal 207)
   defining Unicode char U+00D0 (decimal 208)
   defining Unicode char U+00D1 (decimal 209)
   defining Unicode char U+00D2 (decimal 210)
   defining Unicode char U+00D3 (decimal 211)
   defining Unicode char U+00D4 (decimal 212)
   defining Unicode char U+00D5 (decimal 213)
   defining Unicode char U+00D6 (decimal 214)
   defining Unicode char U+00D8 (decimal 216)
   defining Unicode char U+00D9 (decimal 217)
   defining Unicode char U+00DA (decimal 218)
   defining Unicode char U+00DB (decimal 219)
   defining Unicode char U+00DC (decimal 220)
   defining Unicode char U+00DD (decimal 221)
   defining Unicode char U+00DE (decimal 222)
   defining Unicode char U+00DF (decimal 223)
   defining Unicode char U+00E0 (decimal 224)
   defining Unicode char U+00E1 (decimal 225)
   defining Unicode char U+00E2 (decimal 226)
   defining Unicode char U+00E3 (decimal 227)
   defining Unicode char U+00E4 (decimal 228)
   defining Unicode char U+00E5 (decimal 229)
   defining Unicode char U+00E6 (decimal 230)
   defining Unicode char U+00E7 (decimal 231)
   defining Unicode char U+00E8 (decimal 232)
   defining Unicode char U+00E9 (decimal 233)
   defining Unicode char U+00EA (decimal 234)
   defining Unicode char U+00EB (decimal 235)
   defining Unicode char U+00EC (decimal 236)
   defining Unicode char U+00ED (decimal 237)
   defining Unicode char U+00EE (decimal 238)
   defining Unicode char U+00EF (decimal 239)
   defining Unicode char U+00F0 (decimal 240)
   defining Unicode char U+00F1 (decimal 241)
   defining Unicode char U+00F2 (decimal 242)
   defining Unicode char U+00F3 (decimal 243)
   defining Unicode char U+00F4 (decimal 244)
   defining Unicode char U+00F5 (decimal 245)
   defining Unicode char U+00F6 (decimal 246)
   defining Unicode char U+00F8 (decimal 248)
   defining Unicode char U+00F9 (decimal 249)
   defining Unicode char U+00FA (decimal 250)
   defining Unicode char U+00FB (decimal 251)
   defining Unicode char U+00FC (decimal 252)
   defining Unicode char U+00FD (decimal 253)
   defining Unicode char U+00FE (decimal 254)
   defining Unicode char U+00FF (decimal 255)
   defining Unicode char U+0100 (decimal 256)
   defining Unicode char U+0101 (decimal 257)
   defining Unicode char U+0102 (decimal 258)
   defining Unicode char U+0103 (decimal 259)
   defining Unicode char U+0104 (decimal 260)
   defining Unicode char U+0105 (decimal 261)
   defining Unicode char U+0106 (decimal 262)
   defining Unicode char U+0107 (decimal 263)
   defining Unicode char U+0108 (decimal 264)
   defining Unicode char U+0109 (decimal 265)
   defining Unicode char U+010A (decimal 266)
   defining Unicode char U+010B (decimal 267)
   defining Unicode char U+010C (decimal 268)
   defining Unicode char U+010D (decimal 269)
   defining Unicode char U+010E (decimal 270)
   defining Unicode char U+010F (decimal 271)
   defining Unicode char U+0110 (decimal 272)
   defining Unicode char U+0111 (decimal 273)
   defining Unicode char U+0112 (decimal 274)
   defining Unicode char U+0113 (decimal 275)
   defining Unicode char U+0114 (decimal 276)
   defining Unicode char U+0115 (decimal 277)
   defining Unicode char U+0116 (decimal 278)
   defining Unicode char U+0117 (decimal 279)
   defining Unicode char U+0118 (decimal 280)
   defining Unicode char U+0119 (decimal 281)
   defining Unicode char U+011A (decimal 282)
   defining Unicode char U+011B (decimal 283)
   defining Unicode char U+011C (decimal 284)
   defining Unicode char U+011D (decimal 285)
   defining Unicode char U+011E (decimal 286)
   defining Unicode char U+011F (decimal 287)
   defining Unicode char U+0120 (decimal 288)
   defining Unicode char U+0121 (decimal 289)
   defining Unicode char U+0122 (decimal 290)
   defining Unicode char U+0123 (decimal 291)
   defining Unicode char U+0124 (decimal 292)
   defining Unicode char U+0125 (decimal 293)
   defining Unicode char U+0128 (decimal 296)
   defining Unicode char U+0129 (decimal 297)
   defining Unicode char U+012A (decimal 298)
   defining Unicode char U+012B (decimal 299)
   defining Unicode char U+012C (decimal 300)
   defining Unicode char U+012D (decimal 301)
   defining Unicode char U+012E (decimal 302)
   defining Unicode char U+012F (decimal 303)
   defining Unicode char U+0130 (decimal 304)
   defining Unicode char U+0131 (decimal 305)
   defining Unicode char U+0132 (decimal 306)
   defining Unicode char U+0133 (decimal 307)
   defining Unicode char U+0134 (decimal 308)
   defining Unicode char U+0135 (decimal 309)
   defining Unicode char U+0136 (decimal 310)
   defining Unicode char U+0137 (decimal 311)
   defining Unicode char U+0139 (decimal 313)
   defining Unicode char U+013A (decimal 314)
   defining Unicode char U+013B (decimal 315)
   defining Unicode char U+013C (decimal 316)
   defining Unicode char U+013D (decimal 317)
   defining Unicode char U+013E (decimal 318)
   defining Unicode char U+0141 (decimal 321)
   defining Unicode char U+0142 (decimal 322)
   defining Unicode char U+0143 (decimal 323)
   defining Unicode char U+0144 (decimal 324)
   defining Unicode char U+0145 (decimal 325)
   defining Unicode char U+0146 (decimal 326)
   defining Unicode char U+0147 (decimal 327)
   defining Unicode char U+0148 (decimal 328)
   defining Unicode char U+014A (decimal 330)
   defining Unicode char U+014B (decimal 331)
   defining Unicode char U+014C (decimal 332)
   defining Unicode char U+014D (decimal 333)
   defining Unicode char U+014E (decimal 334)
   defining Unicode char U+014F (decimal 335)
   defining Unicode char U+0150 (decimal 336)
   defining Unicode char U+0151 (decimal 337)
   defining Unicode char U+0152 (decimal 338)
   defining Unicode char U+0153 (decimal 339)
   defining Unicode char U+0154 (decimal 340)
   defining Unicode char U+0155 (decimal 341)
   defining Unicode char U+0156 (decimal 342)
   defining Unicode char U+0157 (decimal 343)
   defining Unicode char U+0158 (decimal 344)
   defining Unicode char U+0159 (decimal 345)
   defining Unicode char U+015A (decimal 346)
   defining Unicode char U+015B (decimal 347)
   defining Unicode char U+015C (decimal 348)
   defining Unicode char U+015D (decimal 349)
   defining Unicode char U+015E (decimal 350)
   defining Unicode char U+015F (decimal 351)
   defining Unicode char U+0160 (decimal 352)
   defining Unicode char U+0161 (decimal 353)
   defining Unicode char U+0162 (decimal 354)
   defining Unicode char U+0163 (decimal 355)
   defining Unicode char U+0164 (decimal 356)
   defining Unicode char U+0165 (decimal 357)
   defining Unicode char U+0168 (decimal 360)
   defining Unicode char U+0169 (decimal 361)
   defining Unicode char U+016A (decimal 362)
   defining Unicode char U+016B (decimal 363)
   defining Unicode char U+016C (decimal 364)
   defining Unicode char U+016D (decimal 365)
   defining Unicode char U+016E (decimal 366)
   defining Unicode char U+016F (decimal 367)
   defining Unicode char U+0170 (decimal 368)
   defining Unicode char U+0171 (decimal 369)
   defining Unicode char U+0172 (decimal 370)
   defining Unicode char U+0173 (decimal 371)
   defining Unicode char U+0174 (decimal 372)
   defining Unicode char U+0175 (decimal 373)
   defining Unicode char U+0176 (decimal 374)
   defining Unicode char U+0177 (decimal 375)
   defining Unicode char U+0178 (decimal 376)
   defining Unicode char U+0179 (decimal 377)
   defining Unicode char U+017A (decimal 378)
   defining Unicode char U+017B (decimal 379)
   defining Unicode char U+017C (decimal 380)
   defining Unicode char U+017D (decimal 381)
   defining Unicode char U+017E (decimal 382)
   defining Unicode char U+01CD (decimal 461)
   defining Unicode char U+01CE (decimal 462)
   defining Unicode char U+01CF (decimal 463)
   defining Unicode char U+01D0 (decimal 464)
   defining Unicode char U+01D1 (decimal 465)
   defining Unicode char U+01D2 (decimal 466)
   defining Unicode char U+01D3 (decimal 467)
   defining Unicode char U+01D4 (decimal 468)
   defining Unicode char U+01E2 (decimal 482)
   defining Unicode char U+01E3 (decimal 483)
   defining Unicode char U+01E6 (decimal 486)
   defining Unicode char U+01E7 (decimal 487)
   defining Unicode char U+01E8 (decimal 488)
   defining Unicode char U+01E9 (decimal 489)
   defining Unicode char U+01EA (decimal 490)
   defining Unicode char U+01EB (decimal 491)
   defining Unicode char U+01F0 (decimal 496)
   defining Unicode char U+01F4 (decimal 500)
   defining Unicode char U+01F5 (decimal 501)
   defining Unicode char U+0218 (decimal 536)
   defining Unicode char U+0219 (decimal 537)
   defining Unicode char U+021A (decimal 538)
   defining Unicode char U+021B (decimal 539)
   defining Unicode char U+1E02 (decimal 7682)
   defining Unicode char U+1E03 (decimal 7683)
   defining Unicode char U+200C (decimal 8204)
   defining Unicode char U+2010 (decimal 8208)
   defining Unicode char U+2011 (decimal 8209)
   defining Unicode char U+2012 (decimal 8210)
   defining Unicode char U+2013 (decimal 8211)
   defining Unicode char U+2014 (decimal 8212)
   defining Unicode char U+2015 (decimal 8213)
   defining Unicode char U+2018 (decimal 8216)
   defining Unicode char U+2019 (decimal 8217)
   defining Unicode char U+201A (decimal 8218)
   defining Unicode char U+201C (decimal 8220)
   defining Unicode char U+201D (decimal 8221)
   defining Unicode char U+201E (decimal 8222)
   defining Unicode char U+2030 (decimal 8240)
   defining Unicode char U+2031 (decimal 8241)
   defining Unicode char U+2039 (decimal 8249)
   defining Unicode char U+203A (decimal 8250)
   defining Unicode char U+2423 (decimal 9251)
)
Now handling font encoding OT1 ...
... processing UTF-8 mapping file for font encoding OT1
 (/usr/local/texlive/2016/texmf-dist/tex/latex/base/ot1enc.dfu
File: ot1enc.dfu 2016/02/28 v1.1s UTF-8 support for inputenc
   defining Unicode char U+00A0 (decimal 160)
   defining Unicode char U+00A1 (decimal 161)
   defining Unicode char U+00A3 (decimal 163)
   defining Unicode char U+00AD (decimal 173)
   defining Unicode char U+00B8 (decimal 184)
   defining Unicode char U+00BF (decimal 191)
   defining Unicode char U+00C5 (decimal 197)
   defining Unicode char U+00C6 (decimal 198)
   defining Unicode char U+00D8 (decimal 216)
   defining Unicode char U+00DF (decimal 223)
   defining Unicode char U+00E6 (decimal 230)
   defining Unicode char U+00EC (decimal 236)
   defining Unicode char U+00ED (decimal 237)
   defining Unicode char U+00EE (decimal 238)
   defining Unicode char U+00EF (decimal 239)
   defining Unicode char U+00F8 (decimal 248)
   defining Unicode char U+0131 (decimal 305)
   defining Unicode char U+0141 (decimal 321)
   defining Unicode char U+0142 (decimal 322)
   defining Unicode char U+0152 (decimal 338)
   defining Unicode char U+0153 (decimal 339)
   defining Unicode char U+0174 (decimal 372)
   defining Unicode char U+0175 (decimal 373)
   defining Unicode char U+0176 (decimal 374)
   defining Unicode char U+0177 (decimal 375)
   defining Unicode char U+0218 (decimal 536)
   defining Unicode char U+0219 (decimal 537)
   defining Unicode char U+021A (decimal 538)
   defining Unicode char U+021B (decimal 539)
   defining Unicode char U+2013 (decimal 8211)
   defining Unicode char U+2014 (decimal 8212)
   defining Unicode char U+2018 (decimal 8216)
   defining Unicode char U+2019 (decimal 8217)
   defining Unicode char U+201C (decimal 8220)
   defining Unicode char U+201D (decimal 8221)
)
Now handling font encoding OMS ...
... processing UTF-8 mapping file for font encoding OMS
 (/usr/local/texlive/2016/texmf-dist/tex/latex/base/omsenc.dfu
File: omsenc.dfu 2016/02/28 v1.1s UTF-8 support for inputenc
   defining Unicode char U+00A7 (decimal 167)
   defining Unicode char U+00B6 (decimal 182)
   defining Unicode char U+00B7 (decimal 183)
   defining Unicode char U+2020 (decimal 8224)
   defining Unicode char U+2021 (decimal 8225)
   defining Unicode char U+2022 (decimal 8226)
)
Now handling font encoding OMX ...
... no UTF-8 mapping file for font encoding OMX
Now handling font encoding U ...
... no UTF-8 mapping file for font encoding U
   defining Unicode char U+00A9 (decimal 169)
   defining Unicode char U+00AA (decimal 170)
   defining Unicode char U+00AE (decimal 174)
   defining Unicode char U+00BA (decimal 186)
   defining Unicode char U+02C6 (decimal 710)
   defining Unicode char U+02DC (decimal 732)
   defining Unicode char U+200C (decimal 8204)
   defining Unicode char U+2026 (decimal 8230)
   defining Unicode char U+2122 (decimal 8482)
   defining Unicode char U+2423 (decimal 9251)
)) (/usr/local/texlive/2016/texmf-dist/tex/generic/babel/babel.sty
Package: babel 2016/04/23 3.9r The Babel package
 (/usr/local/texlive/2016/texmf-dist/tex/generic/babel-spanish/spanish.ldf
Language: spanish.ldf 2016/03/03 v5.0p Spanish support from the babel system
 (/usr/local/texlive/2016/texmf-dist/tex/generic/babel/babel.def
File: babel.def 2016/04/23 3.9r Babel common definitions
\babel@savecnt=\count88
\U@D=\dimen103
)
\es@quottoks=\toks16
\es@quotdepth=\count89
Package babel Info: Making " an active character on input line 561.
Package babel Info: Making . an active character on input line 662.
Package babel Info: Making < an active character on input line 707.
Package babel Info: Making > an active character on input line 707.
)) (/usr/local/texlive/2016/texmf-dist/tex/latex/tools/indentfirst.sty
Package: indentfirst 1995/11/23 v1.03 Indent first paragraph (DPC)
) (/usr/local/texlive/2016/texmf-dist/tex/latex/base/latexsym.sty
Package: latexsym 1998/08/17 v2.2e Standard LaTeX package (lasy symbols)
\symlasy=\mathgroup4
LaTeX Font Info:    Overwriting symbol font `lasy' in version `bold'
(Font)                  U/lasy/m/n --> U/lasy/b/n on input line 52.
) (/usr/local/texlive/2016/texmf-dist/tex/latex/amsmath/amsmath.sty
Package: amsmath 2016/03/10 v2.15b AMS math features
\@mathmargin=\skip43

For additional information on amsmath, use the `?' option.
(/usr/local/texlive/2016/texmf-dist/tex/latex/amsmath/amstext.sty
Package: amstext 2000/06/29 v2.01 AMS text
 (/usr/local/texlive/2016/texmf-dist/tex/latex/amsmath/amsgen.sty
File: amsgen.sty 1999/11/30 v2.0 generic functions
\@emptytoks=\toks17
\ex@=\dimen104
)) (/usr/local/texlive/2016/texmf-dist/tex/latex/amsmath/amsbsy.sty
Package: amsbsy 1999/11/29 v1.2d Bold Symbols
\pmbraise@=\dimen105
) (/usr/local/texlive/2016/texmf-dist/tex/latex/amsmath/amsopn.sty
Package: amsopn 2016/03/08 v2.02 operator names
)
\inf@bad=\count90
LaTeX Info: Redefining \frac on input line 199.
\uproot@=\count91
\leftroot@=\count92
LaTeX Info: Redefining \overline on input line 297.
\classnum@=\count93
\DOTSCASE@=\count94
LaTeX Info: Redefining \ldots on input line 394.
LaTeX Info: Redefining \dots on input line 397.
LaTeX Info: Redefining \cdots on input line 518.
\Mathstrutbox@=\box26
\strutbox@=\box27
\big@size=\dimen106
LaTeX Font Info:    Redeclaring font encoding OML on input line 634.
LaTeX Font Info:    Redeclaring font encoding OMS on input line 635.
\macc@depth=\count95
\c@MaxMatrixCols=\count96
\dotsspace@=\muskip10
\c@parentequation=\count97
\dspbrk@lvl=\count98
\tag@help=\toks18
\row@=\count99
\column@=\count100
\maxfields@=\count101
\andhelp@=\toks19
\eqnshift@=\dimen107
\alignsep@=\dimen108
\tagshift@=\dimen109
\tagwidth@=\dimen110
\totwidth@=\dimen111
\lineht@=\dimen112
\@envbody=\toks20
\multlinegap=\skip44
\multlinetaggap=\skip45
\mathdisplay@stack=\toks21
LaTeX Info: Redefining \[ on input line 2739.
LaTeX Info: Redefining \] on input line 2740.
) (/usr/local/texlive/2016/texmf-dist/tex/latex/amsfonts/amssymb.sty
Package: amssymb 2013/01/14 v3.01 AMS font symbols
 (/usr/local/texlive/2016/texmf-dist/tex/latex/amsfonts/amsfonts.sty
Package: amsfonts 2013/01/14 v3.01 Basic AMSFonts support
\symAMSa=\mathgroup5
\symAMSb=\mathgroup6
LaTeX Font Info:    Overwriting math alphabet `\mathfrak' in version `bold'
(Font)                  U/euf/m/n --> U/euf/b/n on input line 106.
)) (/usr/local/texlive/2016/texmf-dist/tex/latex/graphics/graphicx.sty
Package: graphicx 2014/10/28 v1.0g Enhanced LaTeX Graphics (DPC,SPQR)
 (/usr/local/texlive/2016/texmf-dist/tex/latex/graphics/keyval.sty
Package: keyval 2014/10/28 v1.15 key=value parser (DPC)
\KV@toks@=\toks22
) (/usr/local/texlive/2016/texmf-dist/tex/latex/graphics/graphics.sty
Package: graphics 2016/05/09 v1.0r Standard LaTeX Graphics (DPC,SPQR)
 (/usr/local/texlive/2016/texmf-dist/tex/latex/graphics/trig.sty
Package: trig 2016/01/03 v1.10 sin cos tan (DPC)
) (/usr/local/texlive/2016/texmf-dist/tex/latex/graphics-cfg/graphics.cfg
File: graphics.cfg 2016/01/02 v1.10 sample graphics configuration
)
Package graphics Info: Driver file: pdftex.def on input line 96.
 (/usr/local/texlive/2016/texmf-dist/tex/latex/pdftex-def/pdftex.def
File: pdftex.def 2011/05/27 v0.06d Graphics/color for pdfTeX
 (/usr/local/texlive/2016/texmf-dist/tex/generic/oberdiek/infwarerr.sty
Package: infwarerr 2016/05/16 v1.4 Providing info/warning/error messages (HO)
) (/usr/local/texlive/2016/texmf-dist/tex/generic/oberdiek/ltxcmds.sty
Package: ltxcmds 2016/05/16 v1.23 LaTeX kernel commands for general use (HO)
)
\Gread@gobject=\count102
))
\Gin@req@height=\dimen113
\Gin@req@width=\dimen114
) (/usr/local/texlive/2016/texmf-dist/tex/latex/tools/hhline.sty
Package: hhline 2014/10/28 v2.03 Table rule package (DPC)
) (/usr/local/texlive/2016/texmf-dist/tex/latex/subfigure/subfigure.sty
Package: subfigure 2002/03/15 v2.1.5 subfigure package
\subfigtopskip=\skip46
\subfigcapskip=\skip47
\subfigcaptopadj=\dimen115
\subfigbottomskip=\skip48
\subfigcapmargin=\dimen116
\subfiglabelskip=\skip49
\c@subfigure=\count103
\c@lofdepth=\count104
\c@subtable=\count105
\c@lotdepth=\count106

****************************************
* Local config file subfigure.cfg used *
****************************************
(/usr/local/texlive/2016/texmf-dist/tex/latex/subfigure/subfigure.cfg)
\subfig@top=\skip50
\subfig@bottom=\skip51
) (/usr/local/texlive/2016/texmf-dist/tex/latex/tools/longtable.sty
Package: longtable 2014/10/28 v4.11 Multi-page Table package (DPC)
\LTleft=\skip52
\LTright=\skip53
\LTpre=\skip54
\LTpost=\skip55
\LTchunksize=\count107
\LTcapwidth=\dimen117
\LT@head=\box28
\LT@firsthead=\box29
\LT@foot=\box30
\LT@lastfoot=\box31
\LT@cols=\count108
\LT@rows=\count109
\c@LT@tables=\count110
\c@LT@chunks=\count111
\LT@p@ftn=\toks23
) (/usr/local/texlive/2016/texmf-dist/tex/latex/minitoc/minitoc.sty
Package: minitoc 2015/07/13 v61 Package minitoc
 (/usr/local/texlive/2016/texmf-dist/tex/latex/minitoc/mtcmess.sty
Package: mtcmess 2006/03/14
)
Package minitoc Info: I0001
(minitoc)             *** minitoc package, version 61 ***.
\tf@mtc=\write3
\mtcindent=\skip56
\mtcskipamount=\skip57
Package minitoc Info: I0005
(minitoc)             compatible with hyperref.
Package minitoc Info: I0023
(minitoc)             part level macros available.
Package minitoc Info: I0003
(minitoc)             chapter level macros available.
\mtc@toks=\toks24
\mtc@strutbox=\box32
\mtc@hstrutbox=\box33
Package minitoc Info: I0002
(minitoc)             Autoconfiguration of extensions.
\openout3 = `root.mtc0'.

\openout3 = `root.mtc'.

 (/Users/luis/Library/Mobile Documents/com~apple~CloudDocs/Memoria TFG Latex/.texpadtmp/root.mtc0)
Package minitoc Info: I0012
(minitoc)             Long extensions (Unix-like) will be used.
Package minitoc Info: I0031
(minitoc)             ==> this version is configured for UNIX-like 
(minitoc)                 (long extensions) file names.
\openout3 = `root.mtc'.

\openout3 = `root.mtc0'.

\c@mtc=\count112
\c@minitocdepth=\count113
\c@ptc=\count114
\c@parttocdepth=\count115
\ptcindent=\skip58
Package minitoc Info: I0010
(minitoc)             The english language is selected.
(minitoc)              on input line 4909.
 (/usr/local/texlive/2016/texmf-dist/tex/latex/minitoc/english.mld
File: english.mld 2006/01/13
) (/usr/local/texlive/2016/texmf-dist/tex/latex/minitoc/english.mld
File: english.mld 2006/01/13
)) (/usr/local/texlive/2016/texmf-dist/tex/latex/titlesec/titlesec.sty
Package: titlesec 2016/03/21 v2.10.2 Sectioning titles
\ttl@box=\box34
\beforetitleunit=\skip59
\aftertitleunit=\skip60
\ttl@plus=\dimen118
\ttl@minus=\dimen119
\ttl@toksa=\toks25
\titlewidth=\dimen120
\titlewidthlast=\dimen121
\titlewidthfirst=\dimen122
) (/usr/local/texlive/2016/texmf-dist/tex/latex/fancyhdr/fancyhdr.sty
\fancy@headwidth=\skip61
\f@ncyO@elh=\skip62
\f@ncyO@erh=\skip63
\f@ncyO@olh=\skip64
\f@ncyO@orh=\skip65
\f@ncyO@elf=\skip66
\f@ncyO@erf=\skip67
\f@ncyO@olf=\skip68
\f@ncyO@orf=\skip69
) (/usr/local/texlive/2016/texmf-dist/tex/latex/cite/cite.sty
LaTeX Info: Redefining \cite on input line 302.
LaTeX Info: Redefining \nocite on input line 332.
Package: cite 2015/02/27  v 5.5
) (/usr/local/texlive/2016/texmf-dist/tex/latex/graphics/lscape.sty
Package: lscape 2000/10/22 v3.01 Landscape Pages (DPC)
) (/usr/local/texlive/2016/texmf-dist/tex/latex/tocbibind/tocbibind.sty
Package: tocbibind 2010/10/13 v1.5k extra ToC listings
Package tocbibind Info: The document has chapter divisions on input line 50.


Package tocbibind Note: Using chapter style headings, unless overridden.

) (/usr/local/texlive/2016/texmf-dist/tex/latex/setspace/setspace.sty
Package: setspace 2011/12/19 v6.7a set line spacing
) (/usr/local/texlive/2016/texmf-dist/tex/latex/lettrine/lettrine.sty
File: lettrine.sty 2015/08/31 v1.9 (Daniel Flipo)
\c@DefaultLines=\count116
\c@DefaultDepth=\count117
\DefaultFindent=\dimen123
\DefaultNindent=\dimen124
\DefaultSlope=\dimen125
\DiscardVskip=\dimen126
\L@lbox=\box35
\L@tbox=\box36
\c@L@lines=\count118
\c@L@depth=\count119
\L@Pindent=\dimen127
\L@Findent=\dimen128
\L@Nindent=\dimen129
\L@lraise=\dimen130
\L@first=\dimen131
\L@next=\dimen132
\L@slope=\dimen133
\L@height=\dimen134
\L@novskip=\dimen135
\LettrineWidth=\dimen136
\LettrineHeight=\dimen137
\LettrineDepth=\dimen138

Loading lettrine.cfg
(/usr/local/texlive/2016/texmf-dist/tex/latex/lettrine/lettrine.cfg)) (/usr/local/texlive/2016/texmf-dist/tex/latex/eurosym/eurosym.sty
Package: eurosym 1998/08/06 v1.1 European currency symbol ``Euro''
\@eurobox=\box37
) (/usr/local/texlive/2016/texmf-dist/tex/latex/geometry/geometry.sty
Package: geometry 2010/09/12 v5.6 Page Geometry
 (/usr/local/texlive/2016/texmf-dist/tex/generic/oberdiek/ifpdf.sty
Package: ifpdf 2016/05/14 v3.1 Provides the ifpdf switch
) (/usr/local/texlive/2016/texmf-dist/tex/generic/oberdiek/ifvtex.sty
Package: ifvtex 2016/05/16 v1.6 Detect VTeX and its facilities (HO)
Package ifvtex Info: VTeX not detected.
) (/usr/local/texlive/2016/texmf-dist/tex/generic/ifxetex/ifxetex.sty
Package: ifxetex 2010/09/12 v0.6 Provides ifxetex conditional
)
\Gm@cnth=\count120
\Gm@cntv=\count121
\c@Gm@tempcnt=\count122
\Gm@bindingoffset=\dimen139
\Gm@wd@mp=\dimen140
\Gm@odd@mp=\dimen141
\Gm@even@mp=\dimen142
\Gm@layoutwidth=\dimen143
\Gm@layoutheight=\dimen144
\Gm@layouthoffset=\dimen145
\Gm@layoutvoffset=\dimen146
\Gm@dimlist=\toks26
)) (/usr/local/texlive/2016/texmf-dist/tex/latex/musixtex/musixtex.sty (/usr/local/texlive/2016/texmf-dist/tex/generic/musixtex/musixtex.tex
MusiXTeX(c) 1.22 <2016-02-24>
\n@i=\count123
\n@ii=\count124
\n@iii=\count125
\n@iv=\count126
\n@v=\count127
\n@vi=\count128
\n@vii=\count129
\n@viii=\count130
\toks@box=\box38
\w@rkbox=\box39
\n@otebox=\box40
\y@=\dimen147
\y@i=\dimen148
\y@ii=\dimen149
\y@iii=\dimen150
\y@iv=\dimen151
\y@v=\dimen152
\group@no=\count131
\interinstrument=\dimen153
\N@s=\count132
\s@Y=\dimen154
\lin@pos=\dimen155
\meet@minus@n@iv=\count133
\interbeam=\dimen156
\b@amthick=\dimen157
\Interligne=\dimen158
\Internote=\dimen159
\ch@box=\box41
\musicsize=\count134
\qd@skip=\dimen160
\qn@width=\dimen161
\wn@width=\dimen162
\txt@ff=\skip70
\s@indent=\skip71
\big@spc=\skip72
\lthick=\dimen163
\afterruleskip=\skip73
\staffbotmarg=\dimen164
\stafftopmarg=\dimen165
\line@width=\dimen166
\interportee=\dimen167
\noport@@=\count135
\noinstrum@nt=\count136
\altportee=\dimen168
\systemheight=\dimen169
\altplancher=\dimen170
\instrum@in@group=\skip74
\boxitsep=\skip75
\barsinpi@c@=\count137
\barno=\count138
\startbarno=\count139
\sign@skip=\dimen171
\maxsign@skip=\dimen172
\x@skip=\dimen173
\n@skip=\dimen174
\beforeruleskip=\skip76
\widthtyp@=\count140
\lastbarno=\count141
\cut@v=\skip77
\init@volta@pos=\skip78
\volta@startcor=\skip79
\volta@endcor=\skip80
\writ@volta@box=\box42
\barsinlin@=\count142
\maxbarsinlin@=\count143
\lastbarpos=\skip81
\ut@ref=\count144
\meterskip=\skip82
\t@c=\toks27
\clef@skip=\skip83
\noteskip=\dimen175
\transpose=\count145
\normaltranspose=\count146
\locx@skip=\dimen176
\elemskip=\dimen177
\@l@mskip=\dimen178
\inh@alt=\count147
\st@bot=\dimen179
\st@top=\dimen180
\stem@skip=\dimen181
\s@lope=\dimen182
\y@vi=\dimen183
\lift@rest=\dimen184
\accshift=\skip84
\@icresc=\skip85
\pdl@pos=\dimen185
\bigwedgebox=\box43
\@itrillei=\skip86
\@itrilleii=\skip87
\@itrilleiii=\skip88
\@itrilleiv=\skip89
\@itrillev=\skip90
\@itrillevi=\skip91
\tr@number=\count148
\o@swz=\toks28
\o@number=\count149
\y@vii=\dimen186
\y@viii=\dimen187
\y@ix=\dimen188
\tuptxtb@x=\box44
\notes@open=\count150
\k@ii=\skip92
\i@ni=\dimen189
\b@xi=\dimen190
\b@zi=\dimen191
\c@xi=\dimen192
\c@zi=\skip93
\d@xi=\dimen193
\d@zi=\skip94
\e@xi=\dimen194
\e@zi=\skip95
\b@pi=\count151
\b@ni=\count152
\n@pi=\count153
\a@si=\count154
\o@si=\count155
\a@ci=\toks29
\o@ci=\toks30
\m@ti=\toks31
\k@iii=\skip96
\i@nii=\dimen195
\b@xii=\dimen196
\b@zii=\dimen197
\c@xii=\dimen198
\c@zii=\skip97
\d@xii=\dimen199
\d@zii=\skip98
\e@xii=\dimen256
\e@zii=\skip99
\b@pii=\count156
\b@nii=\count157
\n@pii=\count158
\a@sii=\count159
\o@sii=\count160
\a@cii=\toks32
\o@cii=\toks33
\m@tii=\toks34
\k@iiii=\skip100
\i@niii=\dimen257
\b@xiii=\dimen258
\b@ziii=\dimen259
\c@xiii=\dimen260
\c@ziii=\skip101
\d@xiii=\dimen261
\d@ziii=\skip102
\e@xiii=\dimen262
\e@ziii=\skip103
\b@piii=\count161
\b@niii=\count162
\n@piii=\count163
\a@siii=\count164
\o@siii=\count165
\a@ciii=\toks35
\o@ciii=\toks36
\m@tiii=\toks37
\k@iiv=\skip104
\i@niv=\dimen263
\b@xiv=\dimen264
\b@ziv=\dimen265
\c@xiv=\dimen266
\c@ziv=\skip105
\d@xiv=\dimen267
\d@ziv=\skip106
\e@xiv=\dimen268
\e@ziv=\skip107
\b@piv=\count166
\b@niv=\count167
\n@piv=\count168
\a@siv=\count169
\o@siv=\count170
\a@civ=\toks38
\o@civ=\toks39
\m@tiv=\toks40
\k@iv=\skip108
\i@nv=\dimen269
\b@xv=\dimen270
\b@zv=\dimen271
\c@xv=\dimen272
\c@zv=\skip109
\d@xv=\dimen273
\d@zv=\skip110
\e@xv=\dimen274
\e@zv=\skip111
\b@pv=\count171
\b@nv=\count172
\n@pv=\count173
\a@sv=\count174
\o@sv=\count175
\a@cv=\toks41
\o@cv=\toks42
\m@tv=\toks43
\k@ivi=\skip112
\i@nvi=\dimen275
\b@xvi=\dimen276
\b@zvi=\dimen277
\c@xvi=\dimen278
\c@zvi=\skip113
\d@xvi=\dimen279
\d@zvi=\skip114
\e@xvi=\dimen280
\e@zvi=\skip115
\b@pvi=\count176
\b@nvi=\count177
\n@pvi=\count178
\a@svi=\count179
\o@svi=\count180
\a@cvi=\toks44
\o@cvi=\toks45
\m@tvi=\toks46
maxinstruments=6
\f@xi=\dimen281
\f@zi=\skip116
\f@xii=\dimen282
\f@zii=\skip117
\f@xiii=\dimen283
\f@ziii=\skip118
\f@xiv=\dimen284
\f@ziv=\skip119
\f@xv=\dimen285
\f@zv=\skip120
\f@xvi=\dimen286
\f@zvi=\skip121
 max128beams=6
\g@bi=\skip122
\g@hi=\skip123
\g@bii=\skip124
\g@hii=\skip125
\g@biii=\skip126
\g@hiii=\skip127
 maxgroups=3
\s@xi=\dimen287
\s@si=\toks47
\s@Yi=\dimen288
\s@ai=\skip128
\s@yi=\count181
\s@Ni=\count182
\s@zi=\count183
\s@di=\toks48
\s@xii=\dimen289
\s@sii=\toks49
\s@Yii=\dimen290
\s@aii=\skip129
\s@yii=\count184
\s@Nii=\count185
\s@zii=\count186
\s@dii=\toks50
\s@xiii=\dimen291
\s@siii=\toks51
\s@Yiii=\dimen292
\s@aiii=\skip130
\s@yiii=\count187
\s@Niii=\count188
\s@ziii=\count189
\s@diii=\toks52
\s@xiv=\dimen293
\s@siv=\toks53
\s@Yiv=\dimen294
\s@aiv=\skip131
\s@yiv=\count190
\s@Niv=\count191
\s@ziv=\count192
\s@div=\toks54
\s@xv=\dimen295
\s@sv=\toks55
\s@Yv=\dimen296
\s@av=\skip132
\s@yv=\count193
\s@Nv=\count194
\s@zv=\count195
\s@dv=\toks56
\s@xvi=\dimen297
\s@svi=\toks57
\s@Yvi=\dimen298
\s@avi=\skip133
\s@yvi=\count196
\s@Nvi=\count197
\s@zvi=\count198
\s@dvi=\toks58
 maxslurs=6
\tr@xi=\skip134
\tr@swi=\toks59
\tr@yi=\skip135
\tr@xii=\skip136
\tr@swii=\toks60
\tr@yii=\skip137
\tr@xiii=\skip138
\tr@swiii=\toks61
\tr@yiii=\skip139
\tr@xiv=\skip140
\tr@swiv=\toks62
\tr@yiv=\skip141
\tr@xv=\skip142
\tr@swv=\toks63
\tr@yv=\skip143
\tr@xvi=\skip144
\tr@swvi=\toks64
\tr@yvi=\skip145
 maxtrills=6
\o@xi=\skip146
\o@yi=\skip147
\o@swi=\toks65
\o@xii=\skip148
\o@yii=\skip149
\o@swii=\toks66
\o@xiii=\skip150
\o@yiii=\skip151
\o@swiii=\toks67
\o@xiv=\skip152
\o@yiv=\skip153
\o@swiv=\toks68
\o@xv=\skip154
\o@yv=\skip155
\o@swv=\toks69
\o@xvi=\skip156
\o@yvi=\skip157
\o@swvi=\toks70
 maxoctlines=6
\outmux=\write4
\mulooseness=\count199
\linegoal=\count266
\l@eftrightbox=\box45
\inmux=\read1
) (/usr/local/texlive/2016/texmf-dist/tex/latex/musixtex/musixltx.tex
MusiXLaTeX T.61 <25 September 1996>
)) (/usr/local/texlive/2016/texmf-dist/tex/latex/fancyvrb/fancyvrb.sty
Package: fancyvrb 2008/02/07
 Style option: `fancyvrb' v2.7a, with DG/SPQR fixes, and firstline=lastline fix <2008/02/07> (tvz)
\FV@CodeLineNo=\count267
\FV@InFile=\read2
\FV@TabBox=\box46
\c@FancyVerbLine=\count268
\FV@StepNumber=\count269
\FV@OutFile=\write5
) (/usr/local/texlive/2016/texmf-dist/tex/latex/adjustbox/adjustbox.sty
Package: adjustbox 2012/05/21 v1.0 Adjusting TeX boxes (trim, clip, ...)
 (/usr/local/texlive/2016/texmf-dist/tex/latex/xkeyval/xkeyval.sty
Package: xkeyval 2014/12/03 v2.7a package option processing (HA)
 (/usr/local/texlive/2016/texmf-dist/tex/generic/xkeyval/xkeyval.tex (/usr/local/texlive/2016/texmf-dist/tex/generic/xkeyval/xkvutils.tex
\XKV@toks=\toks71
\XKV@tempa@toks=\toks72
)
\XKV@depth=\count270
File: xkeyval.tex 2014/12/03 v2.7a key=value parser (HA)
)) (/usr/local/texlive/2016/texmf-dist/tex/latex/adjustbox/adjcalc.sty
Package: adjcalc 2012/05/16 v1.1 Provides advanced setlength with multiple back-ends (calc, etex, pgfmath)
) (/usr/local/texlive/2016/texmf-dist/tex/latex/adjustbox/trimclip.sty
Package: trimclip 2012/05/16 v1.0 Trim and clip general TeX material
 (/usr/local/texlive/2016/texmf-dist/tex/latex/collectbox/collectbox.sty
Package: collectbox 2012/05/17 v0.4b Collect macro arguments as boxes
\collectedbox=\box47
)
\tc@llx=\dimen299
\tc@lly=\dimen300
\tc@urx=\dimen301
\tc@ury=\dimen302
Package trimclip Info: Using driver 'tc-pdftex.def'.
 (/usr/local/texlive/2016/texmf-dist/tex/latex/adjustbox/tc-pdftex.def
File: tc-pdftex.def 2012/05/13 v1.0 Clipping driver for pdftex
))
\adjbox@Width=\dimen303
\adjbox@Height=\dimen304
\adjbox@Depth=\dimen305
\adjbox@Totalheight=\dimen306
 (/usr/local/texlive/2016/texmf-dist/tex/latex/ifoddpage/ifoddpage.sty
Package: ifoddpage 2016/04/23 v1.1 Conditionals for odd/even page detection
\c@checkoddpage=\count271
) (/usr/local/texlive/2016/texmf-dist/tex/latex/varwidth/varwidth.sty
Package: varwidth 2009/03/30 ver 0.92;  Variable-width minipages
\@vwid@box=\box48
\sift@deathcycles=\count272
\@vwid@loff=\dimen307
\@vwid@roff=\dimen308
)) (/usr/local/texlive/2016/texmf-dist/tex/latex/relsize/relsize.sty
Package: relsize 2013/03/29 ver 4.1
) (/usr/local/texlive/2016/texmf-dist/tex/latex/csquotes/csquotes.sty
Package: csquotes 2016/01/31 v5.1g context-sensitive quotations (JAW)
 (/usr/local/texlive/2016/texmf-dist/tex/latex/etoolbox/etoolbox.sty
Package: etoolbox 2015/08/02 v2.2a e-TeX tools for LaTeX (JAW)
\etb@tempcnta=\count273
)
\csq@reset=\count274
\csq@gtype=\count275
\csq@glevel=\count276
\csq@qlevel=\count277
\csq@maxlvl=\count278
\csq@tshold=\count279
\csq@ltx@everypar=\toks73
 (/usr/local/texlive/2016/texmf-dist/tex/latex/csquotes/csquotes.def
File: csquotes.def 2016/01/31 v5.1g csquotes generic definitions (JAW)
)
Package csquotes Info: Trying to load configuration file 'csquotes.cfg'...
Package csquotes Info: ... configuration file loaded successfully.
 (/usr/local/texlive/2016/texmf-dist/tex/latex/csquotes/csquotes.cfg
File: csquotes.cfg 
))
Package csquotes Info: Checking for multilingual support...
Package csquotes Info: ... found 'babel' package.
Package csquotes Info: Adjusting default style.
Package csquotes Info: Redefining alias 'default' -> 'spanish'.
 (/Users/luis/Library/Mobile Documents/com~apple~CloudDocs/Memoria TFG Latex/.texpadtmp/root.aux (/Users/luis/Library/Mobile Documents/com~apple~CloudDocs/Memoria TFG Latex/.texpadtmp/cover.aux)
LaTeX Info: Redefining \. on input line 11.
LaTeX Info: Redefining \% on input line 11.
 (/Users/luis/Library/Mobile Documents/com~apple~CloudDocs/Memoria TFG Latex/.texpadtmp/draft.aux) (/Users/luis/Library/Mobile Documents/com~apple~CloudDocs/Memoria TFG Latex/.texpadtmp/director-agreement.aux) (/Users/luis/Library/Mobile Documents/com~apple~CloudDocs/Memoria TFG Latex/.texpadtmp/dedication.aux) (/Users/luis/Library/Mobile Documents/com~apple~CloudDocs/Memoria TFG Latex/.texpadtmp/gratefulnesses.aux) (/Users/luis/Library/Mobile Documents/com~apple~CloudDocs/Memoria TFG Latex/.texpadtmp/abstract.aux) (/Users/luis/Library/Mobile Documents/com~apple~CloudDocs/Memoria TFG Latex/.texpadtmp/keywords.aux)
(/Users/luis/Library/Mobile Documents/com~apple~CloudDocs/Memoria TFG Latex/.texpadtmp/introduction.aux) (/Users/luis/Library/Mobile Documents/com~apple~CloudDocs/Memoria TFG Latex/.texpadtmp/contextualization.aux) (/Users/luis/Library/Mobile Documents/com~apple~CloudDocs/Memoria TFG Latex/.texpadtmp/human-robot-interaction.aux) (/Users/luis/Library/Mobile Documents/com~apple~CloudDocs/Memoria TFG Latex/.texpadtmp/implementation.aux) (/Users/luis/Library/Mobile Documents/com~apple~CloudDocs/Memoria TFG Latex/.texpadtmp/evaluation.aux) (/Users/luis/Library/Mobile Documents/com~apple~CloudDocs/Memoria TFG Latex/.texpadtmp/conclusions.aux) (/Users/luis/Library/Mobile Documents/com~apple~CloudDocs/Memoria TFG Latex/.texpadtmp/appendix.aux))
\openout1 = `root.aux'.

LaTeX Font Info:    Checking defaults for OML/cmm/m/it on input line 26.
LaTeX Font Info:    ... okay on input line 26.
LaTeX Font Info:    Checking defaults for T1/cmr/m/n on input line 26.
LaTeX Font Info:    ... okay on input line 26.
LaTeX Font Info:    Checking defaults for OT1/cmr/m/n on input line 26.
LaTeX Font Info:    ... okay on input line 26.
LaTeX Font Info:    Checking defaults for OMS/cmsy/m/n on input line 26.
LaTeX Font Info:    ... okay on input line 26.
LaTeX Font Info:    Checking defaults for OMX/cmex/m/n on input line 26.
LaTeX Font Info:    ... okay on input line 26.
LaTeX Font Info:    Checking defaults for U/cmr/m/n on input line 26.
LaTeX Font Info:    ... okay on input line 26.
LaTeX Info: Redefining \. on input line 26.
LaTeX Info: Redefining \% on input line 26.
 (/usr/local/texlive/2016/texmf-dist/tex/context/base/mkii/supp-pdf.mkii
[Loading MPS to PDF converter (version 2006.09.02).]
\scratchcounter=\count280
\scratchdimen=\dimen309
\scratchbox=\box49
\nofMPsegments=\count281
\nofMParguments=\count282
\everyMPshowfont=\toks74
\MPscratchCnt=\count283
\MPscratchDim=\dimen310
\MPnumerator=\count284
\makeMPintoPDFobject=\count285
\everyMPtoPDFconversion=\toks75
) (/usr/local/texlive/2016/texmf-dist/tex/generic/oberdiek/pdftexcmds.sty
Package: pdftexcmds 2016/05/10 v0.21 Utility functions of pdfTeX for LuaTeX (HO)
 (/usr/local/texlive/2016/texmf-dist/tex/generic/oberdiek/ifluatex.sty
Package: ifluatex 2016/05/16 v1.4 Provides the ifluatex switch (HO)
Package ifluatex Info: LuaTeX not detected.
)
Package pdftexcmds Info: LuaTeX not detected.
Package pdftexcmds Info: \pdf@primitive is available.
Package pdftexcmds Info: \pdf@ifprimitive is available.
Package pdftexcmds Info: \pdfdraftmode found.
) (/usr/local/texlive/2016/texmf-dist/tex/latex/oberdiek/epstopdf-base.sty
Package: epstopdf-base 2016/05/15 v2.6 Base part for package epstopdf
 (/usr/local/texlive/2016/texmf-dist/tex/latex/oberdiek/grfext.sty
Package: grfext 2016/05/16 v1.2 Manage graphics extensions (HO)
 (/usr/local/texlive/2016/texmf-dist/tex/generic/oberdiek/kvdefinekeys.sty
Package: kvdefinekeys 2016/05/16 v1.4 Define keys (HO)
)) (/usr/local/texlive/2016/texmf-dist/tex/latex/oberdiek/kvoptions.sty
Package: kvoptions 2016/05/16 v3.12 Key value format for package options (HO)
 (/usr/local/texlive/2016/texmf-dist/tex/generic/oberdiek/kvsetkeys.sty
Package: kvsetkeys 2016/05/16 v1.17 Key value parser (HO)
 (/usr/local/texlive/2016/texmf-dist/tex/generic/oberdiek/etexcmds.sty
Package: etexcmds 2016/05/16 v1.6 Avoid name clashes with e-TeX commands (HO)
Package etexcmds Info: Could not find \expanded.
(etexcmds)             That can mean that you are not using pdfTeX 1.50 or
(etexcmds)             that some package has redefined \expanded.
(etexcmds)             In the latter case, load this package earlier.
)))
Package grfext Info: Graphics extension search list:
(grfext)             [.png,.pdf,.jpg,.mps,.jpeg,.jbig2,.jb2,.PNG,.PDF,.JPG,.JPEG,.JBIG2,.JB2,.eps]
(grfext)             \AppendGraphicsExtensions on input line 456.
 (/usr/local/texlive/2016/texmf-dist/tex/latex/latexconfig/epstopdf-sys.cfg
File: epstopdf-sys.cfg 2010/07/13 v1.3 Configuration of (r)epstopdf for TeX Live
))
\c@minilofdepth=\count286
\c@minilotdepth=\count287
\c@partlofdepth=\count288
\c@partlotdepth=\count289
\c@sectlofdepth=\count290
\c@sectlotdepth=\count291
Package minitoc(hints) Info: I0049
(minitoc(hints))             ==> You requested the hints option. 
(minitoc(hints))             Some hints are eventually given below.
Package minitoc(hints) Info: I0046
(minitoc(hints))             --- The tocbibind package is loaded. 
(minitoc(hints))             See the minitoc package documentation 
(minitoc(hints))             for specific precautions.


Package minitoc(hints) Warning: W0099
(minitoc(hints))                --- The titlesec package is loaded. 
(minitoc(hints))                It is incompatible 
(minitoc(hints))                with the minitoc package.

*geometry* driver: auto-detecting
*geometry* detected driver: pdftex
*geometry* verbose mode - [ preamble ] result:
* driver: pdftex
* paper: a4paper
* layout: <same size as paper>
* layoutoffset:(h,v)=(0.0pt,0.0pt)
* modes: twoside 
* h-part:(L,W,R)=(113.81102pt, 412.56497pt, 71.13188pt)
* v-part:(T,H,B)=(113.81102pt, 617.4248pt, 113.81102pt)
* \paperwidth=597.50787pt
* \paperheight=845.04684pt
* \textwidth=412.56497pt
* \textheight=617.4248pt
* \oddsidemargin=41.54103pt
* \evensidemargin=-1.1381pt
* \topmargin=4.54103pt
* \headheight=30.0pt
* \headsep=25.0pt
* \topskip=12.0pt
* \footskip=30.0pt
* \marginparwidth=85.0pt
* \marginparsep=10.0pt
* \columnsep=10.0pt
* \skip\footins=10.8pt plus 4.0pt minus 2.0pt
* \hoffset=0.0pt
* \voffset=0.0pt
* \mag=1000
* \@twocolumnfalse
* \@twosidetrue
* \@mparswitchtrue
* \@reversemarginfalse
* (1in=72.27pt=25.4mm, 1cm=28.453pt)

\openout4 = `root.mx1'.

\openout2 = `cover.aux'.

(./cover.tex <imagenes/anagramaUDC.png, id=1, 890.965pt x 114.975pt>
File: imagenes/anagramaUDC.png Graphic file (type png)
 <use imagenes/anagramaUDC.png>
Package pdftex.def Info: imagenes/anagramaUDC.png used on input line 3.
(pdftex.def)             Requested size: 142.26378pt x 18.35777pt.
LaTeX Font Info:    Try loading font information for U+lasy on input line 13.
 (/usr/local/texlive/2016/texmf-dist/tex/latex/base/ulasy.fd
File: ulasy.fd 1998/08/17 v2.2e LaTeX symbol font definitions
)
LaTeX Font Info:    Try loading font information for U+msa on input line 13.
 (/usr/local/texlive/2016/texmf-dist/tex/latex/amsfonts/umsa.fd
File: umsa.fd 2013/01/14 v3.01 AMS symbols A
)
LaTeX Font Info:    Try loading font information for U+msb on input line 13.
 (/usr/local/texlive/2016/texmf-dist/tex/latex/amsfonts/umsb.fd
File: umsb.fd 2013/01/14 v3.01 AMS symbols B
) [1


{/usr/local/texlive/2016/texmf-var/fonts/map/pdftex/updmap/pdftex.map} <./imagenes/anagramaUDC.png>]) [2

]
\openout2 = `draft.aux'.

 (./draft.tex) [3

] [4

]
\openout2 = `director-agreement.aux'.

 (./director-agreement.tex
Overfull \hbox (19.60165pt too wide) in paragraph at lines 2--10
[]\twelverm Que la me-mo-ria ti-tu-la-da \OT1/cmr/bx/n/12 ``Desa-rro-llo de sub-sis-te-ma de in-ter-ac-ci^^Son humano-

\hbox(8.33331+2.33331)x412.56497, glue set - 1.0 []

) [5

] [6

]
\openout2 = `dedication.aux'.

 (./dedication.tex) [7

] [8

]
\openout2 = `gratefulnesses.aux'.

 (./gratefulnesses.tex) [9

] [10

]
\openout2 = `abstract.aux'.

 (./abstract.tex [1

]) [2

]
\openout2 = `keywords.aux'.

 (./keywords.tex
Underfull \hbox (badness 10000) in paragraph at lines 3--4


\hbox(0.0+0.0)x383.19028 []

) [3

] [4

] (/Users/luis/Library/Mobile Documents/com~apple~CloudDocs/Memoria TFG Latex/.texpadtmp/root.toc
LaTeX Info: Redefining \. on input line 2.
LaTeX Info: Redefining \% on input line 2.
 [1

])
\tf@toc=\write6
\openout6 = `root.toc'.

LaTeX Info: Redefining \. on input line 60.
LaTeX Info: Redefining \% on input line 60.
 [2] (/Users/luis/Library/Mobile Documents/com~apple~CloudDocs/Memoria TFG Latex/.texpadtmp/root.lof
LaTeX Info: Redefining \. on input line 2.
LaTeX Info: Redefining \% on input line 2.
)
\tf@lof=\write7
\openout7 = `root.lof'.

 [3

]
LaTeX Info: Redefining \. on input line 63.
LaTeX Info: Redefining \% on input line 63.
 [4

]
\openout2 = `introduction.aux'.

 (./introduction.tex
Cap\'{\i }tulo 1.
) [1



]
\openout2 = `contextualization.aux'.

 (./contextualization.tex [2



]
Cap\'{\i }tulo 2.
LaTeX Font Info:    Try loading font information for OT1+pag on input line 11.
(/usr/local/texlive/2016/texmf-dist/tex/latex/psnfss/ot1pag.fd
File: ot1pag.fd 2001/06/04 font definitions for OT1/pag.
) <imagenes/robobo1_0.PNG, id=79, 583.17876pt x 398.48875pt>
File: imagenes/robobo1_0.PNG Graphic file (type png)
 <use imagenes/robobo1_0.PNG>
Package pdftex.def Info: imagenes/robobo1_0.PNG used on input line 24.
(pdftex.def)             Requested size: 330.05322pt x 225.52963pt.
 [3] <imagenes/robobo_rob.JPG, id=85, 3276.24pt x 2457.18pt>
File: imagenes/robobo_rob.JPG Graphic file (type jpg)
 <use imagenes/robobo_rob.JPG>
Package pdftex.def Info: imagenes/robobo_rob.JPG used on input line 45.
(pdftex.def)             Requested size: 330.05322pt x 247.53207pt.
LaTeX Info: Redefining \. on input line 54.
LaTeX Info: Redefining \% on input line 54.
 [4 <./imagenes/robobo1_0.PNG>] <imagenes/robobo_2_sensors.png, id=90, 621.32124pt x 394.47375pt>
File: imagenes/robobo_2_sensors.png Graphic file (type png)
 <use imagenes/robobo_2_sensors.png>
Package pdftex.def Info: imagenes/robobo_2_sensors.png used on input line 60.
(pdftex.def)             Requested size: 330.05322pt x 209.5456pt.
LaTeX Font Info:    Try loading font information for OMS+cmr on input line 65.
 (/usr/local/texlive/2016/texmf-dist/tex/latex/base/omscmr.fd
File: omscmr.fd 2014/09/29 v2.5h Standard LaTeX font definitions
)
LaTeX Font Info:    Font shape `OMS/cmr/m/n' in size <12> not available
(Font)              Font shape `OMS/cmsy/m/n' tried instead on input line 65.
LaTeX Info: Redefining \. on input line 66.
LaTeX Info: Redefining \% on input line 66.
 [5 <./imagenes/robobo_rob.JPG>] <imagenes/robobo_framework.png, id=94, 635.37375pt x 728.7225pt>
File: imagenes/robobo_framework.png Graphic file (type png)
 <use imagenes/robobo_framework.png>
Package pdftex.def Info: imagenes/robobo_framework.png used on input line 86.
(pdftex.def)             Requested size: 247.54149pt x 283.91153pt.
LaTeX Info: Redefining \. on input line 89.
LaTeX Info: Redefining \% on input line 89.
 [6 <./imagenes/robobo_2_sensors.png>])
LaTeX Info: Redefining \. on input line 73.
LaTeX Info: Redefining \% on input line 73.
 [7 <./imagenes/robobo_framework.png>]
\openout2 = `human-robot-interaction.aux'.

 (./human-robot-interaction.tex
LaTeX Info: Redefining \. on input line 1.
LaTeX Info: Redefining \% on input line 1.
 [8



]
Cap\'{\i }tulo 3.
[9] <imagenes/robotcell.jpeg, id=110, 605.26125pt x 295.1025pt>
File: imagenes/robotcell.jpeg Graphic file (type jpg)
 <use imagenes/robotcell.jpeg>
Package pdftex.def Info: imagenes/robotcell.jpeg used on input line 36.
(pdftex.def)             Requested size: 412.56497pt x 201.15334pt.
LaTeX Info: Redefining \. on input line 42.
LaTeX Info: Redefining \% on input line 42.
 [10 <./imagenes/robotcell.jpeg>] <imagenes/parorobot.JPG, id=114, 542.025pt x 286.06876pt>
File: imagenes/parorobot.JPG Graphic file (type jpg)
 <use imagenes/parorobot.JPG>
Package pdftex.def Info: imagenes/parorobot.JPG used on input line 57.
(pdftex.def)             Requested size: 330.05322pt x 174.20049pt.
 <imagenes/naorobot.jpg, id=115, 803.0pt x 420.57124pt>
File: imagenes/naorobot.jpg Graphic file (type jpg)
 <use imagenes/naorobot.jpg>
Package pdftex.def Info: imagenes/naorobot.jpg used on input line 65.
(pdftex.def)             Requested size: 412.56497pt x 216.08643pt.
LaTeX Info: Redefining \. on input line 70.
LaTeX Info: Redefining \% on input line 70.
 [11]
LaTeX Info: Redefining \. on input line 77.
LaTeX Info: Redefining \% on input line 77.
 [12 <./imagenes/parorobot.JPG>] <imagenes/davincisystem.jpg, id=122, 1204.5pt x 808.52063pt>
File: imagenes/davincisystem.jpg Graphic file (type jpg)
 <use imagenes/davincisystem.jpg>
Package pdftex.def Info: imagenes/davincisystem.jpg used on input line 81.
(pdftex.def)             Requested size: 412.56497pt x 276.92899pt.
LaTeX Info: Redefining \. on input line 94.
LaTeX Info: Redefining \% on input line 94.
 [13 <./imagenes/naorobot.jpg>] <imagenes/aiborobot.jpg, id=127, 1204.5pt x 1204.5pt>
File: imagenes/aiborobot.jpg Graphic file (type jpg)
 <use imagenes/aiborobot.jpg>
Package pdftex.def Info: imagenes/aiborobot.jpg used on input line 97.
(pdftex.def)             Requested size: 206.28249pt x 206.26938pt.
 <imagenes/bandaismartpet.jpg, id=128, 501.875pt x 401.5pt>
File: imagenes/bandaismartpet.jpg Graphic file (type jpg)
 <use imagenes/bandaismartpet.jpg>
Package pdftex.def Info: imagenes/bandaismartpet.jpg used on input line 103.
(pdftex.def)             Requested size: 206.28249pt x 165.02652pt.
LaTeX Info: Redefining \. on input line 110.
LaTeX Info: Redefining \% on input line 110.
 [14 <./imagenes/davincisystem.jpg>]
LaTeX Info: Redefining \. on input line 110.
LaTeX Info: Redefining \% on input line 110.
 [15 <./imagenes/aiborobot.jpg> <./imagenes/bandaismartpet.jpg>] <imagenes/beebot.png, id=135, 192.72pt x 109.3686pt>
File: imagenes/beebot.png Graphic file (type png)
 <use imagenes/beebot.png>
Package pdftex.def Info: imagenes/beebot.png used on input line 115.
(pdftex.def)             Requested size: 185.65297pt x 105.35811pt.
 <imagenes/escornabot.jpg, id=136, 803.0pt x 602.25pt>
File: imagenes/escornabot.jpg Graphic file (type jpg)
 <use imagenes/escornabot.jpg>
Package pdftex.def Info: imagenes/escornabot.jpg used on input line 122.
(pdftex.def)             Requested size: 185.65297pt x 139.24055pt.
LaTeX Info: Redefining \. on input line 137.
LaTeX Info: Redefining \% on input line 137.
 [16 <./imagenes/beebot.png> <./imagenes/escornabot.jpg>] <imagenes/legoev3.jpg, id=141, 622.325pt x 434.62375pt>
File: imagenes/legoev3.jpg Graphic file (type jpg)
 <use imagenes/legoev3.jpg>
Package pdftex.def Info: imagenes/legoev3.jpg used on input line 143.
(pdftex.def)             Requested size: 330.05322pt x 230.50865pt.
LaTeX Info: Redefining \. on input line 156.
LaTeX Info: Redefining \% on input line 156.
 [17 <./imagenes/legoev3.jpg>]
LaTeX Info: Redefining \. on input line 168.
LaTeX Info: Redefining \% on input line 168.
 [18])
LaTeX Info: Redefining \. on input line 74.
LaTeX Info: Redefining \% on input line 74.
 [19]
\openout2 = `implementation.aux'.

 (./implementation.tex
LaTeX Info: Redefining \. on input line 2.
LaTeX Info: Redefining \% on input line 2.
 [20



]
Cap\'{\i }tulo 4.
[21]
LaTeX Info: Redefining \. on input line 57.
LaTeX Info: Redefining \% on input line 57.
 [22]
LaTeX Info: Redefining \. on input line 79.
LaTeX Info: Redefining \% on input line 79.
 [23]
LaTeX Info: Redefining \. on input line 112.
LaTeX Info: Redefining \% on input line 112.
 [24] <imagenes/ISpeechRecognitionModule.png, id=168, 537.00626pt x 245.91875pt>
File: imagenes/ISpeechRecognitionModule.png Graphic file (type png)
 <use imagenes/ISpeechRecognitionModule.png>
Package pdftex.def Info: imagenes/ISpeechRecognitionModule.png used on input line 125.
(pdftex.def)             Requested size: 330.05322pt x 151.14719pt.
LaTeX Info: Redefining \. on input line 141.
LaTeX Info: Redefining \% on input line 141.
 [25 <./imagenes/ISpeechRecognitionModule.png>]
LaTeX Info: Redefining \. on input line 145.
LaTeX Info: Redefining \% on input line 145.
 [26]
LaTeX Info: Redefining \. on input line 187.
LaTeX Info: Redefining \% on input line 187.
 [27] <imagenes/ISpeechProductionModule.png, id=180, 347.2975pt x 238.8925pt>
File: imagenes/ISpeechProductionModule.png Graphic file (type png)
 <use imagenes/ISpeechProductionModule.png>
Package pdftex.def Info: imagenes/ISpeechProductionModule.png used on input line 194.
(pdftex.def)             Requested size: 247.54149pt x 170.27827pt.
LaTeX Info: Redefining \. on input line 210.
LaTeX Info: Redefining \% on input line 210.
 [28 <./imagenes/ISpeechProductionModule.png>]
LaTeX Info: Redefining \. on input line 219.
LaTeX Info: Redefining \% on input line 219.
 [29] <imagenes/ITouchModule.png, id=188, 322.20375pt x 140.525pt>
File: imagenes/ITouchModule.png Graphic file (type png)
 <use imagenes/ITouchModule.png>
Package pdftex.def Info: imagenes/ITouchModule.png used on input line 225.
(pdftex.def)             Requested size: 247.54149pt x 107.96655pt.
LaTeX Info: Redefining \. on input line 253.
LaTeX Info: Redefining \% on input line 253.
 [30 <./imagenes/ITouchModule.png>]
LaTeX Info: Redefining \. on input line 255.
LaTeX Info: Redefining \% on input line 255.
 [31]
Overfull \hbox (3.56915pt too wide) in paragraph at lines 270--271
\OT1/cmr/m/it/12 ASoundDispatcherModule \twelverm im-ple-men-ta \OT1/cmr/m/it/12 ISo-und-Dis-pat-cher-Mo-du-le\twelverm , pe-se a es-tar vac^^S^^Pa

\hbox(8.33331+2.33331)x412.56497, glue set - 1.0 []

LaTeX Info: Redefining \. on input line 280.
LaTeX Info: Redefining \% on input line 280.
[32]
LaTeX Info: Redefining \. on input line 301.
LaTeX Info: Redefining \% on input line 301.
 [33]
LaTeX Info: Redefining \. on input line 317.
LaTeX Info: Redefining \% on input line 317.
 [34]
LaTeX Info: Redefining \. on input line 323.
LaTeX Info: Redefining \% on input line 323.
 [35]
LaTeX Info: Redefining \. on input line 338.
LaTeX Info: Redefining \% on input line 338.
 [36]

LaTeX Warning: Citation `opencv' on page 37 undefined on input line 346.

LaTeX Info: Redefining \. on input line 363.
LaTeX Info: Redefining \% on input line 363.
[37]
LaTeX Info: Redefining \. on input line 363.
LaTeX Info: Redefining \% on input line 363.
 [38])
\openout2 = `evaluation.aux'.

 (./evaluation.tex
Cap\'{\i }tulo 5.
) [39



]
\openout2 = `conclusions.aux'.

 (./conclusions.tex
LaTeX Info: Redefining \. on input line 1.
LaTeX Info: Redefining \% on input line 1.
 [40



]
Cap\'{\i }tulo 6.
) [41]
\openout2 = `appendix.aux'.

 (./appendix.tex
LaTeX Info: Redefining \. on input line 2.
LaTeX Info: Redefining \% on input line 2.
 [42



]
Ap\'{e}ndice A.
[43] [44

]
Ap\'{e}ndice B.
[45] [46

]
Ap\'{e}ndice C.
[47]) (/Users/luis/Library/Mobile Documents/com~apple~CloudDocs/Memoria TFG Latex/.texpadtmp/root.bbl [48


]
Underfull \hbox (badness 10000) in paragraph at lines 42--45
[]\twelverm ``Worker at volks-wa-gen plant ki-lled in ro-bot ac-ci-dent,''

\hbox(9.0+3.0)x370.78763, glue set 7.80606 []


Underfull \hbox (badness 10000) in paragraph at lines 42--45
\twelverm http://www.ft.com/cms/s/0/0c8034a6-200f-11e5-aa5a-

\hbox(9.0+3.0)x370.78763 []


Overfull \hbox (25.70393pt too wide) in paragraph at lines 60--63
[]\twelverm ``Nao ro-bot, al-de-ba-ran ro-bo-tics,'' https://www.ald.softbankrobotics.com/en/cool-

\hbox(9.0+3.0)x370.78763, glue set - 1.0 []

[49]
Underfull \hbox (badness 10000) in paragraph at lines 78--80
[]\twelverm ``Cmu sp-hinx open sour-ce speech re-cog-ni-tion kit,''

\hbox(9.0+3.0)x370.78763, glue set 11.15117 []


Overfull \hbox (21.0027pt too wide) in paragraph at lines 94--96
[]\twelverm ``Gmail back-ground li-brary,'' https://github.com/yesidlazaro/GmailBackground,

\hbox(9.0+3.0)x370.78763, glue set - 1.0 []

)
Package minitoc Info: I0009
(minitoc)             Listing minitoc auxiliary files. 
(minitoc)             Creating the root.maf file.
\openout3 = `root.maf'.



Package minitoc(hints) Warning: W0024
(minitoc(hints))                Some hints have been written 
(minitoc(hints))                in the root.log file.

LaTeX Info: Redefining \. on input line 90.
LaTeX Info: Redefining \% on input line 90.
[50] (/Users/luis/Library/Mobile Documents/com~apple~CloudDocs/Memoria TFG Latex/.texpadtmp/root.aux (/Users/luis/Library/Mobile Documents/com~apple~CloudDocs/Memoria TFG Latex/.texpadtmp/cover.aux)
LaTeX Info: Redefining \. on input line 11.
LaTeX Info: Redefining \% on input line 11.
 (/Users/luis/Library/Mobile Documents/com~apple~CloudDocs/Memoria TFG Latex/.texpadtmp/draft.aux) (/Users/luis/Library/Mobile Documents/com~apple~CloudDocs/Memoria TFG Latex/.texpadtmp/director-agreement.aux) (/Users/luis/Library/Mobile Documents/com~apple~CloudDocs/Memoria TFG Latex/.texpadtmp/dedication.aux) (/Users/luis/Library/Mobile Documents/com~apple~CloudDocs/Memoria TFG Latex/.texpadtmp/gratefulnesses.aux) (/Users/luis/Library/Mobile Documents/com~apple~CloudDocs/Memoria TFG Latex/.texpadtmp/abstract.aux) (/Users/luis/Library/Mobile Documents/com~apple~CloudDocs/Memoria TFG Latex/.texpadtmp/keywords.aux) (/Users/luis/Library/Mobile Documents/com~apple~CloudDocs/Memoria TFG Latex/.texpadtmp/introduction.aux) (/Users/luis/Library/Mobile Documents/com~apple~CloudDocs/Memoria TFG Latex/.texpadtmp/contextualization.aux) (/Users/luis/Library/Mobile Documents/com~apple~CloudDocs/Memoria TFG Latex/.texpadtmp/human-robot-interaction.aux) (/Users/luis/Library/Mobile Documents/com~apple~CloudDocs/Memoria TFG Latex/.texpadtmp/implementation.aux) (/Users/luis/Library/Mobile Documents/com~apple~CloudDocs/Memoria TFG Latex/.texpadtmp/evaluation.aux) (/Users/luis/Library/Mobile Documents/com~apple~CloudDocs/Memoria TFG Latex/.texpadtmp/conclusions.aux) (/Users/luis/Library/Mobile Documents/com~apple~CloudDocs/Memoria TFG Latex/.texpadtmp/appendix.aux))

LaTeX Warning: There were undefined references.

 ) 
Here is how much of TeX's memory you used:
 10859 strings out of 493014
 144735 string characters out of 6133352
 261468 words of memory out of 5000000
 13756 multiletter control sequences out of 15000+600000
 49926 words of font info for 173 fonts, out of 8000000 for 9000
 1141 hyphenation exceptions out of 8191
 39i,11n,45p,883b,525s stack positions out of 5000i,500n,10000p,200000b,80000s
{/usr/local/texlive/2016/texmf-dist/fonts/enc/dvips/base/8r.enc}</usr/local/texlive/2016/texmf-dist/fonts/type1/public/amsfonts/cm/cmbx10.pfb></usr/local/texlive/2016/texmf-dist/fonts/type1/public/amsfonts/cm/cmbx12.pfb></usr/local/texlive/2016/texmf-dist/fonts/type1/public/amsfonts/cm/cmbxsl10.pfb></usr/local/texlive/2016/texmf-dist/fonts/type1/public/amsfonts/cm/cmbxti10.pfb></usr/local/texlive/2016/texmf-dist/fonts/type1/public/amsfonts/cm/cmcsc10.pfb></usr/local/texlive/2016/texmf-dist/fonts/type1/public/amsfonts/cm/cmr10.pfb></usr/local/texlive/2016/texmf-dist/fonts/type1/public/amsfonts/cm/cmr12.pfb></usr/local/texlive/2016/texmf-dist/fonts/type1/public/amsfonts/cm/cmssbx10.pfb></usr/local/texlive/2016/texmf-dist/fonts/type1/public/amsfonts/cm/cmsy10.pfb></usr/local/texlive/2016/texmf-dist/fonts/type1/public/amsfonts/cm/cmti10.pfb></usr/local/texlive/2016/texmf-dist/fonts/type1/public/amsfonts/cm/cmti12.pfb></usr/local/texlive/2016/texmf-dist/fonts/type1/public/amsfonts/latxfont/lasy10.pfb></usr/local/texlive/2016/texmf-dist/fonts/type1/urw/avantgar/uagk8a.pfb>
Output written on "/Users/luis/Library/Mobile Documents/com~apple~CloudDocs/Memoria TFG Latex/.texpadtmp/root.pdf" (68 pages, 3566185 bytes).
PDF statistics:
 303 PDF objects out of 1000 (max. 8388607)
 193 compressed objects within 2 object streams
 0 named destinations out of 1000 (max. 500000)
 86 words of extra memory for PDF output out of 10000 (max. 10000000)

